{"uuid":"93be11c2-1208-4441-9311-c66c7e3d40d0","historyId":"9fcd2347c42164e22f7cdce81db076a5","fullName":"mainclass.kidva","labels":[{"name":"package","value":"mainclass"},{"name":"testClass","value":"mainclass"},{"name":"testMethod","value":"kidva"},{"name":"parentSuite","value":"Default Suite"},{"name":"suite","value":"finalProject2"},{"name":"subSuite","value":"mainclass"},{"name":"host","value":"ROOM36"},{"name":"thread","value":"14604@ROOM36.main(1)"},{"name":"framework","value":"testng"},{"name":"language","value":"java"}],"links":[],"name":"kidva","status":"failed","statusDetails":{"known":false,"muted":false,"flaky":false,"message":"WebDriverException: unknown error: unexpected command response\r\nScreenshot: file:/C:/Users/Lchubinidze/IdeaProjects/finalProject2/build/reports/tests/1657813858140.0.png\r\nPage source: file:/C:/Users/Lchubinidze/IdeaProjects/finalProject2/build/reports/tests/1657813858140.0.html\r\nTimeout: 4 s.\r\nCaused by: WebDriverException: unknown error: unexpected command response","trace":"WebDriverException: unknown error: unexpected command response\r\nScreenshot: file:/C:/Users/Lchubinidze/IdeaProjects/finalProject2/build/reports/tests/1657813858140.0.png\r\nPage source: file:/C:/Users/Lchubinidze/IdeaProjects/finalProject2/build/reports/tests/1657813858140.0.html\r\nTimeout: 4 s.\r\nCaused by: WebDriverException: unknown error: unexpected command response\r\n\tat com.codeborne.selenide.ex.UIAssertionError.wrapToUIAssertionError(UIAssertionError.java:103)\r\n\tat com.codeborne.selenide.ex.UIAssertionError.wrapThrowable(UIAssertionError.java:86)\r\n\tat com.codeborne.selenide.ex.UIAssertionError.wrap(UIAssertionError.java:80)\r\n\tat com.codeborne.selenide.impl.SelenideElementProxy.invoke(SelenideElementProxy.java:91)\r\n\tat jdk.proxy2/jdk.proxy2.$Proxy13.click(Unknown Source)\r\n\tat kidva.kidva.kveba(kidva.java:13)\r\n\tat kidvaSteps.kidvaSteps.click(kidvaSteps.java:10)\r\n\tat mainclass.kidva(mainclass.java:48)\r\n\tat java.base/jdk.internal.reflect.DirectMethodHandleAccessor.invoke(DirectMethodHandleAccessor.java:104)\r\n\tat java.base/java.lang.reflect.Method.invoke(Method.java:577)\r\n\tat org.testng.internal.invokers.MethodInvocationHelper.invokeMethod(MethodInvocationHelper.java:139)\r\n\tat org.testng.internal.invokers.TestInvoker.invokeMethod(TestInvoker.java:677)\r\n\tat org.testng.internal.invokers.TestInvoker.invokeTestMethod(TestInvoker.java:221)\r\n\tat org.testng.internal.invokers.MethodRunner.runInSequence(MethodRunner.java:50)\r\n\tat org.testng.internal.invokers.TestInvoker$MethodInvocationAgent.invoke(TestInvoker.java:962)\r\n\tat org.testng.internal.invokers.TestInvoker.invokeTestMethods(TestInvoker.java:194)\r\n\tat org.testng.internal.invokers.TestMethodWorker.invokeTestMethods(TestMethodWorker.java:148)\r\n\tat org.testng.internal.invokers.TestMethodWorker.run(TestMethodWorker.java:128)\r\n\tat java.base/java.util.ArrayList.forEach(ArrayList.java:1511)\r\n\tat org.testng.TestRunner.privateRun(TestRunner.java:806)\r\n\tat org.testng.TestRunner.run(TestRunner.java:601)\r\n\tat org.testng.SuiteRunner.runTest(SuiteRunner.java:433)\r\n\tat org.testng.SuiteRunner.runSequentially(SuiteRunner.java:427)\r\n\tat org.testng.SuiteRunner.privateRun(SuiteRunner.java:387)\r\n\tat org.testng.SuiteRunner.run(SuiteRunner.java:330)\r\n\tat org.testng.SuiteRunnerWorker.runSuite(SuiteRunnerWorker.java:52)\r\n\tat org.testng.SuiteRunnerWorker.run(SuiteRunnerWorker.java:95)\r\n\tat org.testng.TestNG.runSuitesSequentially(TestNG.java:1256)\r\n\tat org.testng.TestNG.runSuitesLocally(TestNG.java:1176)\r\n\tat org.testng.TestNG.runSuites(TestNG.java:1099)\r\n\tat org.testng.TestNG.run(TestNG.java:1067)\r\n\tat com.intellij.rt.testng.IDEARemoteTestNG.run(IDEARemoteTestNG.java:66)\r\n\tat com.intellij.rt.testng.RemoteTestNGStarter.main(RemoteTestNGStarter.java:109)\r\nCaused by: org.openqa.selenium.WebDriverException: unknown error: unexpected command response\n  (Session info: chrome=103.0.5060.114)\nBuild info: version: '4.2.2', revision: '683ccb65d6'\nSystem info: host: 'ROOM36', ip: '192.168.1.8', os.name: 'Windows 10', os.arch: 'amd64', os.version: '10.0', java.version: '18'\nDriver info: org.openqa.selenium.chrome.ChromeDriver\nCommand: [6d64e8f3e60f127fd876c5a43c4a0fa0, clickElement {id=bd93eac3-ee63-43b3-8946-cc6b9ec96ccd}]\nCapabilities {acceptInsecureCerts: true, browserName: chrome, browserVersion: 103.0.5060.114, chrome: {chromedriverVersion: 103.0.5060.53 (a1711811edd7..., userDataDir: C:\\Users\\LCHUBI~1\\AppData\\L...}, goog:chromeOptions: {debuggerAddress: localhost:57800}, networkConnectionEnabled: false, pageLoadStrategy: normal, platformName: WINDOWS, proxy: Proxy(), se:cdp: ws://localhost:57800/devtoo..., se:cdpVersion: 103.0.5060.114, setWindowRect: true, strictFileInteractability: false, timeouts: {implicit: 0, pageLoad: 300000, script: 30000}, unhandledPromptBehavior: dismiss and notify, webauthn:extension:credBlob: true, webauthn:extension:largeBlob: true, webauthn:virtualAuthenticators: true}\nElement: [[ChromeDriver: chrome on WINDOWS (6d64e8f3e60f127fd876c5a43c4a0fa0)] -> css selector: #body > div.container-fluid.menu-outer > div > div > nav > ul > li.cat-3.cat > a]\nSession ID: 6d64e8f3e60f127fd876c5a43c4a0fa0\r\n\tat java.base/jdk.internal.reflect.DirectConstructorHandleAccessor.newInstance(DirectConstructorHandleAccessor.java:67)\r\n\tat java.base/java.lang.reflect.Constructor.newInstanceWithCaller(Constructor.java:499)\r\n\tat java.base/java.lang.reflect.Constructor.newInstance(Constructor.java:483)\r\n\tat org.openqa.selenium.remote.codec.w3c.W3CHttpResponseCodec.createException(W3CHttpResponseCodec.java:200)\r\n\tat org.openqa.selenium.remote.codec.w3c.W3CHttpResponseCodec.decode(W3CHttpResponseCodec.java:133)\r\n\tat org.openqa.selenium.remote.codec.w3c.W3CHttpResponseCodec.decode(W3CHttpResponseCodec.java:53)\r\n\tat org.openqa.selenium.remote.HttpCommandExecutor.execute(HttpCommandExecutor.java:184)\r\n\tat org.openqa.selenium.remote.service.DriverCommandExecutor.invokeExecute(DriverCommandExecutor.java:167)\r\n\tat org.openqa.selenium.remote.service.DriverCommandExecutor.execute(DriverCommandExecutor.java:142)\r\n\tat org.openqa.selenium.remote.RemoteWebDriver.execute(RemoteWebDriver.java:588)\r\n\tat org.openqa.selenium.remote.RemoteWebElement.execute(RemoteWebElement.java:257)\r\n\tat org.openqa.selenium.remote.RemoteWebElement.click(RemoteWebElement.java:78)\r\n\tat com.codeborne.selenide.commands.Click.defaultClick(Click.java:97)\r\n\tat com.codeborne.selenide.commands.Click.click(Click.java:54)\r\n\tat com.codeborne.selenide.commands.Click.execute(Click.java:31)\r\n\tat com.codeborne.selenide.commands.Click.execute(Click.java:21)\r\n\tat com.codeborne.selenide.commands.Commands.execute(Commands.java:155)\r\n\tat com.codeborne.selenide.impl.SelenideElementProxy.dispatchAndRetry(SelenideElementProxy.java:129)\r\n\tat com.codeborne.selenide.impl.SelenideElementProxy.invoke(SelenideElementProxy.java:81)\r\n\t... 29 more\r\n"},"stage":"finished","steps":[],"attachments":[],"parameters":[],"start":1657813840169,"stop":1657813859114}